<?xml version="1.0" encoding="UTF-8"?>
<!-- Generated by org.testng.reporters.JUnitXMLReporter -->
<testsuite ignored="0" hostname="DESKTOP-6JVV5KL" failures="0" tests="6" name="firefoxTest" time="817.049" errors="0" timestamp="2024-05-10T03:43:50 IST">
  <testcase classname="pack.test" name="resolution" time="111.351"/>
  <testcase classname="pack.test" name="resolution" time="129.612"/>
  <testcase classname="pack.test" name="resolution" time="121.295"/>
  <testcase classname="pack.test" name="resolution" time="162.751"/>
  <testcase classname="pack.test" name="resolution" time="125.146"/>
  <testcase classname="pack.test" name="resolution" time="151.845"/>
</testsuite> <!-- firefoxTest -->
